[debug] [2020-02-26T19:11:11.775Z] ----------------------------------------------------------------------
[debug] [2020-02-26T19:11:11.778Z] Command:       /usr/local/bin/node /usr/local/bin/firebase deploy
[debug] [2020-02-26T19:11:11.778Z] CLI Version:   7.13.1
[debug] [2020-02-26T19:11:11.778Z] Platform:      darwin
[debug] [2020-02-26T19:11:11.778Z] Node Version:  v12.15.0
[debug] [2020-02-26T19:11:11.780Z] Time:          Wed Feb 26 2020 20:11:11 GMT+0100 (Central European Standard Time)
[debug] [2020-02-26T19:11:11.780Z] ----------------------------------------------------------------------
[debug] [2020-02-26T19:11:11.780Z] 
[debug] [2020-02-26T19:11:11.797Z] > command requires scopes: ["email","openid","https://www.googleapis.com/auth/cloudplatformprojects.readonly","https://www.googleapis.com/auth/firebase","https://www.googleapis.com/auth/cloud-platform"]
[debug] [2020-02-26T19:11:11.797Z] > authorizing via signed-in user
[debug] [2020-02-26T19:11:11.797Z] [iam] checking project biologiquefr for permissions ["datastore.indexes.create","datastore.indexes.delete","datastore.indexes.list","datastore.indexes.update","firebase.projects.get","firebasehosting.sites.update"]
[debug] [2020-02-26T19:11:11.799Z] > refreshing access token with scopes: ["email","https://www.googleapis.com/auth/cloud-platform","https://www.googleapis.com/auth/cloudplatformprojects.readonly","https://www.googleapis.com/auth/firebase","openid"]
[debug] [2020-02-26T19:11:11.799Z] >>> HTTP REQUEST POST https://www.googleapis.com/oauth2/v3/token  
 <request body omitted>
[debug] [2020-02-26T19:11:11.933Z] <<< HTTP RESPONSE 200
[debug] [2020-02-26T19:11:11.971Z] >>> HTTP REQUEST POST https://cloudresourcemanager.googleapis.com/v1/projects/biologiquefr:testIamPermissions  

[debug] [2020-02-26T19:11:12.679Z] <<< HTTP RESPONSE 200
[debug] [2020-02-26T19:11:12.681Z] >>> HTTP REQUEST GET https://firebase.googleapis.com/v1beta1/projects/biologiquefr  
 
[debug] [2020-02-26T19:11:12.911Z] <<< HTTP RESPONSE 200
[info] 
[info] === Deploying to 'biologiquefr'...
[info] 
[info] i  deploying firestore, hosting
[info] i  firestore: reading indexes from firestore.indexes.json...
[info] i  cloud.firestore: checking firestore.rules for compilation errors...
[debug] [2020-02-26T19:11:12.920Z] >>> HTTP REQUEST POST https://firebaserules.googleapis.com/v1/projects/biologiquefr:test  

[debug] [2020-02-26T19:11:13.657Z] <<< HTTP RESPONSE 200
[info] ✔  cloud.firestore: rules file firestore.rules compiled successfully
[debug] [2020-02-26T19:11:13.661Z] >>> HTTP REQUEST POST https://firebasehosting.googleapis.com/v1beta1/sites/biologiquefr/versions  

[debug] [2020-02-26T19:11:24.348Z] <<< HTTP RESPONSE 503
[debug] [2020-02-26T19:11:24.348Z] <<< HTTP RESPONSE BODY
[error] 
[error] Error: HTTP Error: 503, The service is currently unavailable.
[debug] [2020-02-26T19:11:24.354Z] Error Context: {
  "body": {
    "error": {
      "code": 503,
      "message": "The service is currently unavailable.",
      "status": "UNAVAILABLE"
    }
  },
  "response": {
    "statusCode": 503,
    "body": {
      "error": {
        "code": 503,
        "message": "The service is currently unavailable.",
        "status": "UNAVAILABLE"
      }
    },
    "headers": {
      "vary": "X-Origin, Referer, Origin,Accept-Encoding",
      "content-type": "application/json; charset=UTF-8",
      "date": "Wed, 26 Feb 2020 19:11:24 GMT",
      "server": "ESF",
      "cache-control": "private",
      "x-xss-protection": "0",
      "x-frame-options": "SAMEORIGIN",
      "x-content-type-options": "nosniff",
      "alt-svc": "quic=\":443\"; ma=2592000; v=\"46,43\",h3-Q050=\":443\"; ma=2592000,h3-Q049=\":443\"; ma=2592000,h3-Q048=\":443\"; ma=2592000,h3-Q046=\":443\"; ma=2592000,h3-Q043=\":443\"; ma=2592000",
      "accept-ranges": "none",
      "transfer-encoding": "chunked"
    },
    "request": {
      "uri": {
        "protocol": "https:",
        "slashes": true,
        "auth": null,
        "host": "firebasehosting.googleapis.com",
        "port": 443,
        "hostname": "firebasehosting.googleapis.com",
        "hash": null,
        "search": null,
        "query": null,
        "pathname": "/v1beta1/sites/biologiquefr/versions",
        "path": "/v1beta1/sites/biologiquefr/versions",
        "href": "https://firebasehosting.googleapis.com/v1beta1/sites/biologiquefr/versions"
      },
      "method": "POST"
    }
  }
}
